2026-07-15 23:52:28,314 INFO Opening game page: https://www.spriters-resource.com/game_boy_advance/khcom/
2026-07-15 23:52:44,236 INFO Game: Kingdom Hearts: Chain of Memories
2026-07-15 23:52:44,236 INFO Platform/category: shuffle
2026-07-15 23:52:44,236 INFO Asset count reported: 173
2026-07-15 23:52:44,236 INFO Assets selected: 1
2026-07-15 23:52:44,237 INFO Sections: Uncategorized
2026-07-15 23:52:44,237 INFO Destination: assets\franchises\kingdom_hearts\raw
2026-07-15 23:52:44,237 INFO Filename pattern: kh_<asset>_gba
2026-07-15 23:52:44,237 INFO Dry run only; no assets downloaded.
2026-07-15 23:53:59,339 INFO Opening game page: https://www.spriters-resource.com/game_boy_advance/khcom/
2026-07-15 23:54:07,476 INFO Game: Kingdom Hearts: Chain of Memories
2026-07-15 23:54:07,476 INFO Platform/category: Game Boy Advance
2026-07-15 23:54:07,477 INFO Asset count reported: 147
2026-07-15 23:54:07,477 INFO Assets selected: 1
2026-07-15 23:54:07,477 INFO Sections: Uncategorized
2026-07-15 23:54:07,477 INFO Destination: assets\franchises\kingdom_hearts\raw
2026-07-15 23:54:07,477 INFO Filename pattern: kh_<asset>_gba
2026-07-15 23:54:07,477 INFO Dry run only; no assets downloaded.
2026-07-15 23:55:34,799 INFO Opening game page: https://www.spriters-resource.com/game_boy_advance/khcom/
2026-07-15 23:55:43,274 INFO Game: Kingdom Hearts: Chain of Memories
2026-07-15 23:55:43,274 INFO Platform/category: Game Boy Advance
2026-07-15 23:55:43,274 INFO Asset count reported: 147
2026-07-15 23:55:43,274 INFO Assets selected: 1
2026-07-15 23:55:43,274 INFO Sections: Uncategorized
2026-07-15 23:55:43,275 INFO Destination: assets\franchises\kingdom_hearts\raw
2026-07-15 23:55:43,275 INFO Filename pattern: kh_<asset>_gba
2026-07-15 23:55:43,275 INFO Dry run only; no assets downloaded.
2026-07-15 23:56:48,753 INFO Opening game page: https://www.spriters-resource.com/game_boy_advance/khcom/
2026-07-15 23:56:55,201 INFO Game: Kingdom Hearts: Chain of Memories
2026-07-15 23:56:55,201 INFO Platform/category: Game Boy Advance
2026-07-15 23:56:55,201 INFO Asset count reported: 147
2026-07-15 23:56:55,201 INFO Assets selected: 1
2026-07-15 23:56:55,201 INFO Sections: Playable Characters, Summons, Non-Playable Characters, Enemies & Bosses, Backgrounds, Miscellaneous
2026-07-15 23:56:55,201 INFO Destination: assets\franchises\kingdom_hearts\raw
2026-07-15 23:56:55,201 INFO Filename pattern: kh_<asset>_gba
2026-07-15 23:56:55,201 INFO Dry run only; no assets downloaded.
2026-07-15 23:57:03,326 INFO Opening game page: https://www.spriters-resource.com/game_boy_advance/khcom/
2026-07-15 23:57:09,670 INFO Game: Kingdom Hearts: Chain of Memories
2026-07-15 23:57:09,670 INFO Platform/category: Game Boy Advance
2026-07-15 23:57:09,670 INFO Asset count reported: 147
2026-07-15 23:57:09,670 INFO Assets selected: 1
2026-07-15 23:57:09,670 INFO Sections: Playable Characters, Summons, Non-Playable Characters, Enemies & Bosses, Backgrounds, Miscellaneous
2026-07-15 23:57:09,670 INFO Destination: assets\franchises\kingdom_hearts\raw
2026-07-15 23:57:09,671 INFO Filename pattern: kh_<asset>_gba
2026-07-15 23:57:09,671 INFO Visiting asset 1138: https://www.spriters-resource.com/game_boy_advance/khcom/asset/1138/
2026-07-15 23:57:11,611 INFO Trying download control: download attribute
2026-07-16 00:01:23,786 INFO Opening game page: https://www.spriters-resource.com/game_boy_advance/khcom/
2026-07-16 00:01:30,600 INFO Game: Kingdom Hearts: Chain of Memories
2026-07-16 00:01:30,601 INFO Platform/category: Game Boy Advance
2026-07-16 00:01:30,601 INFO Asset count reported: 147
2026-07-16 00:01:30,601 INFO Assets selected: 1
2026-07-16 00:01:30,601 INFO Sections: Playable Characters, Summons, Non-Playable Characters, Enemies & Bosses, Backgrounds, Miscellaneous
2026-07-16 00:01:30,601 INFO Destination: assets\franchises\kingdom_hearts\raw
2026-07-16 00:01:30,601 INFO Filename pattern: kh_<asset>_gba
2026-07-16 00:01:45,759 INFO Opening game page: https://www.spriters-resource.com/game_boy_advance/khcom/
2026-07-16 00:01:52,362 INFO Game: Kingdom Hearts: Chain of Memories
2026-07-16 00:01:52,362 INFO Platform/category: Game Boy Advance
2026-07-16 00:01:52,362 INFO Asset count reported: 147
2026-07-16 00:01:52,362 INFO Assets selected: 1
2026-07-16 00:01:52,363 INFO Sections: Playable Characters, Summons, Non-Playable Characters, Enemies & Bosses, Backgrounds, Miscellaneous
2026-07-16 00:01:52,363 INFO Destination: assets\franchises\kingdom_hearts\raw
2026-07-16 00:01:52,363 INFO Filename pattern: kh_<asset>_gba
2026-07-16 00:02:33,884 INFO Opening game page: https://www.spriters-resource.com/game_boy_advance/khcom/
2026-07-16 00:02:40,286 INFO Game: Kingdom Hearts: Chain of Memories
2026-07-16 00:02:40,286 INFO Platform/category: Game Boy Advance
2026-07-16 00:02:40,286 INFO Asset count reported: 147
2026-07-16 00:02:40,286 INFO Assets selected: 1
2026-07-16 00:02:40,286 INFO Sections: Playable Characters, Summons, Non-Playable Characters, Enemies & Bosses, Backgrounds, Miscellaneous
2026-07-16 00:02:40,287 INFO Destination: assets\franchises\kingdom_hearts\raw
2026-07-16 00:02:40,287 INFO Filename pattern: kh_<asset>_gba
2026-07-16 00:02:40,287 INFO [1/1] Skipping completed asset 1138
2026-07-16 00:05:46,360 INFO Opening game page: https://www.spriters-resource.com/game_boy_advance/khcom/
2026-07-16 00:05:52,746 INFO Game: Kingdom Hearts: Chain of Memories
2026-07-16 00:05:52,746 INFO Platform/category: Game Boy Advance
2026-07-16 00:05:52,746 INFO Asset count reported: 147
2026-07-16 00:05:52,747 INFO Assets selected: 1
2026-07-16 00:05:52,747 INFO Sections: Playable Characters, Summons, Non-Playable Characters, Enemies & Bosses, Backgrounds, Miscellaneous
2026-07-16 00:05:52,747 INFO Destination: assets\franchises\kingdom_hearts\raw
2026-07-16 00:05:52,747 INFO Filename pattern: kh_<asset>_gba
2026-07-16 00:05:52,747 INFO Dry run only; no assets downloaded.
2026-07-16 00:13:21,284 INFO Opening game page: https://www.spriters-resource.com/mobile/finalfantasyrecordkeeper/
2026-07-16 00:13:56,307 INFO Opening game page: https://www.spriters-resource.com/mobile/finalfantasyrecordkeeper/
2026-07-16 00:14:06,280 INFO Game: Final Fantasy: Record Keeper
2026-07-16 00:14:06,280 INFO Platform/category: Mobile
2026-07-16 00:14:06,280 INFO Asset count reported: 1714
2026-07-16 00:14:06,280 INFO Assets selected: 1000
2026-07-16 00:14:06,280 INFO Sections: Playable Characters: Final Fantasy Record Keeper, Playable Characters: Classes, Playable Characters: Final Fantasy, Playable Characters: Final Fantasy II, Playable Characters: Final Fantasy III, Playable Characters: Final Fantasy IV / FFIV: The After Years, Playable Characters: Final Fantasy V, Playable Characters: Final Fantasy VI, Playable Characters: Final Fantasy VII, Playable Characters: Final Fantasy VIII, Playable Characters: Final Fantasy IX, Playable Characters: Final Fantasy X / X-2, Playable Characters: Final Fantasy XI, Playable Characters: Final Fantasy XII, Playable Characters: Final Fantasy XIII / XIII-2 / XIII-3, Playable Characters: Final Fantasy XIV, Playable Characters: Final Fantasy XV, Playable Characters: Final Fantasy XVI, Playable Characters: Final Fantasy Tactics, Playable Characters: Final Fantasy Tactics Advance, Playable Characters: Final Fantasy Type-0, Playable Characters: Mobius Final Fantasy, Playable Characters: Final Fantasy Dimensions II, Playable Characters: World of Final Fantasy, Playable Characters: Final Fantasy Brave Exvius, Playable Characters: Kingdom Hearts, Non-Playable Characters, Enemies, Bosses: Final Fantasy Record Keeper, Bosses: Final Fantasy, Bosses: Final Fantasy II, Bosses: Final Fantasy III, Bosses: Final Fantasy IV / FFIV: The After Years, Bosses: Final Fantasy V, Bosses: Final Fantasy VI, Bosses: Final Fantasy VII, Bosses: Final Fantasy VII Crisis Core, Bosses: Final Fantasy VII Dirge of Cerberus, Bosses: Final Fantasy VII Advent Children, Bosses: Final Fantasy VIII, Bosses: Final Fantasy IX, Bosses: Final Fantasy X, Bosses: Final Fantasy X-2, Bosses: Final Fantasy XI, Bosses: Final Fantasy XII, Bosses: Final Fantasy XIII, Bosses: Final Fantasy XIII-2, Bosses: Final Fantasy XIV, Bosses: Final Fantasy XV, Bosses: Final Fantasy Tactics, Bosses: Final Fantasy Tactics Advance, Bosses: Final Fantasy Type-0, Bosses: Dissidia: Final Fantasy, Bosses: Mobius Final Fantasy, Bosses: Final Fantasy Grandmasters, Bosses: World of Final Fantasy, Bosses: Final Fantasy Brave Exvius, Bosses: Final Fantasy Legends II, Bosses: Kingdom Hearts, Bosses: Kingdom Hearts II, Bosses: Kingdom Hearts III, Bosses: Events, Map Assets, Icons, Miscellaneous, Unused Content
2026-07-16 00:14:06,283 INFO Destination: assets\franchises\final_fantasy\raw
2026-07-16 00:14:06,283 INFO Filename pattern: ff_<asset>
2026-07-16 00:14:06,283 INFO Dry run only; no assets downloaded.
2026-07-16 00:15:00,717 INFO Opening game page: https://www.spriters-resource.com/mobile/finalfantasyrecordkeeper/
2026-07-16 00:15:09,655 INFO Game: Final Fantasy: Record Keeper
2026-07-16 00:15:09,655 INFO Platform/category: Mobile
2026-07-16 00:15:09,655 INFO Asset count reported: 1714
2026-07-16 00:15:09,655 INFO Assets selected: 1000
2026-07-16 00:15:09,655 INFO Sections: Playable Characters: Final Fantasy Record Keeper, Playable Characters: Classes, Playable Characters: Final Fantasy, Playable Characters: Final Fantasy II, Playable Characters: Final Fantasy III, Playable Characters: Final Fantasy IV / FFIV: The After Years, Playable Characters: Final Fantasy V, Playable Characters: Final Fantasy VI, Playable Characters: Final Fantasy VII, Playable Characters: Final Fantasy VIII, Playable Characters: Final Fantasy IX, Playable Characters: Final Fantasy X / X-2, Playable Characters: Final Fantasy XI, Playable Characters: Final Fantasy XII, Playable Characters: Final Fantasy XIII / XIII-2 / XIII-3, Playable Characters: Final Fantasy XIV, Playable Characters: Final Fantasy XV, Playable Characters: Final Fantasy XVI, Playable Characters: Final Fantasy Tactics, Playable Characters: Final Fantasy Tactics Advance, Playable Characters: Final Fantasy Type-0, Playable Characters: Mobius Final Fantasy, Playable Characters: Final Fantasy Dimensions II, Playable Characters: World of Final Fantasy, Playable Characters: Final Fantasy Brave Exvius, Playable Characters: Kingdom Hearts, Non-Playable Characters, Enemies, Bosses: Final Fantasy Record Keeper, Bosses: Final Fantasy, Bosses: Final Fantasy II, Bosses: Final Fantasy III, Bosses: Final Fantasy IV / FFIV: The After Years, Bosses: Final Fantasy V, Bosses: Final Fantasy VI, Bosses: Final Fantasy VII, Bosses: Final Fantasy VII Crisis Core, Bosses: Final Fantasy VII Dirge of Cerberus, Bosses: Final Fantasy VII Advent Children, Bosses: Final Fantasy VIII, Bosses: Final Fantasy IX, Bosses: Final Fantasy X, Bosses: Final Fantasy X-2, Bosses: Final Fantasy XI, Bosses: Final Fantasy XII, Bosses: Final Fantasy XIII, Bosses: Final Fantasy XIII-2, Bosses: Final Fantasy XIV, Bosses: Final Fantasy XV, Bosses: Final Fantasy Tactics, Bosses: Final Fantasy Tactics Advance, Bosses: Final Fantasy Type-0, Bosses: Dissidia: Final Fantasy, Bosses: Mobius Final Fantasy, Bosses: Final Fantasy Grandmasters, Bosses: World of Final Fantasy, Bosses: Final Fantasy Brave Exvius, Bosses: Final Fantasy Legends II, Bosses: Kingdom Hearts, Bosses: Kingdom Hearts II, Bosses: Kingdom Hearts III, Bosses: Events, Map Assets, Icons, Miscellaneous, Unused Content
2026-07-16 00:15:09,655 INFO Destination: assets\franchises\final_fantasy\raw
2026-07-16 00:15:09,655 INFO Filename pattern: ff_<asset>
2026-07-16 00:15:09,655 INFO Visiting asset 105697: https://www.spriters-resource.com/mobile/finalfantasyrecordkeeper/asset/105697/
2026-07-16 00:15:14,563 INFO Trying download control: download attribute
2026-07-16 00:15:18,895 DEBUG Waited 4.09 seconds before next request.
2026-07-16 00:15:18,895 INFO Visiting asset 208226: https://www.spriters-resource.com/mobile/finalfantasyrecordkeeper/asset/208226/
2026-07-16 00:15:20,721 INFO Trying download control: download attribute
2026-07-16 00:15:26,410 DEBUG Waited 5.54 seconds before next request.
2026-07-16 00:15:26,410 INFO Visiting asset 96741: https://www.spriters-resource.com/mobile/finalfantasyrecordkeeper/asset/96741/
2026-07-16 00:15:28,652 INFO Trying download control: download attribute
2026-07-16 00:15:33,424 DEBUG Waited 4.55 seconds before next request.
2026-07-16 00:15:33,425 INFO Visiting asset 208228: https://www.spriters-resource.com/mobile/finalfantasyrecordkeeper/asset/208228/
2026-07-16 00:15:35,673 INFO Trying download control: download attribute
2026-07-16 00:15:40,547 DEBUG Waited 4.67 seconds before next request.
2026-07-16 00:15:40,547 INFO Visiting asset 208229: https://www.spriters-resource.com/mobile/finalfantasyrecordkeeper/asset/208229/
2026-07-16 00:15:42,572 INFO Trying download control: download attribute
2026-07-16 00:15:50,587 DEBUG Waited 7.81 seconds before next request.
2026-07-16 00:15:50,587 INFO Visiting asset 95455: https://www.spriters-resource.com/mobile/finalfantasyrecordkeeper/asset/95455/
2026-07-16 00:15:52,687 INFO Trying download control: download attribute
2026-07-16 00:15:59,796 DEBUG Waited 6.88 seconds before next request.
2026-07-16 00:15:59,796 INFO Visiting asset 208232: https://www.spriters-resource.com/mobile/finalfantasyrecordkeeper/asset/208232/
2026-07-16 00:16:01,891 INFO Trying download control: download attribute
2026-07-16 00:16:06,325 DEBUG Waited 4.19 seconds before next request.
2026-07-16 00:16:06,325 INFO Visiting asset 208230: https://www.spriters-resource.com/mobile/finalfantasyrecordkeeper/asset/208230/
2026-07-16 00:16:08,389 INFO Trying download control: download attribute
2026-07-16 00:16:14,880 DEBUG Waited 6.23 seconds before next request.
2026-07-16 00:16:14,880 INFO Visiting asset 208234: https://www.spriters-resource.com/mobile/finalfantasyrecordkeeper/asset/208234/
2026-07-16 00:16:16,937 INFO Trying download control: download attribute
2026-07-16 00:16:24,244 DEBUG Waited 7.09 seconds before next request.
2026-07-16 00:16:24,244 INFO Visiting asset 216819: https://www.spriters-resource.com/mobile/finalfantasyrecordkeeper/asset/216819/
2026-07-16 00:16:26,485 INFO Trying download control: download attribute
2026-07-16 00:16:31,156 DEBUG Waited 4.45 seconds before next request.
2026-07-16 00:16:31,156 INFO Visiting asset 111723: https://www.spriters-resource.com/mobile/finalfantasyrecordkeeper/asset/111723/
2026-07-16 00:16:32,958 INFO Trying download control: download attribute
2026-07-16 00:16:37,296 DEBUG Waited 4.19 seconds before next request.
2026-07-16 00:16:37,296 INFO Visiting asset 168156: https://www.spriters-resource.com/mobile/finalfantasyrecordkeeper/asset/168156/
2026-07-16 00:16:42,025 INFO Trying download control: download attribute
2026-07-16 00:16:49,971 DEBUG Waited 7.81 seconds before next request.
2026-07-16 00:16:49,971 INFO Visiting asset 141038: https://www.spriters-resource.com/mobile/finalfantasyrecordkeeper/asset/141038/
2026-07-16 00:16:51,722 INFO Trying download control: download attribute
2026-07-16 00:16:57,354 DEBUG Waited 5.46 seconds before next request.
2026-07-16 00:16:57,354 INFO Visiting asset 240468: https://www.spriters-resource.com/mobile/finalfantasyrecordkeeper/asset/240468/
2026-07-16 00:16:59,157 INFO Trying download control: download attribute
2026-07-16 00:17:05,090 DEBUG Waited 5.79 seconds before next request.
2026-07-16 00:17:05,090 INFO Visiting asset 480815: https://www.spriters-resource.com/mobile/finalfantasyrecordkeeper/asset/480815/
2026-07-16 00:17:06,947 INFO Trying download control: download attribute
2026-07-16 00:17:12,380 DEBUG Waited 5.26 seconds before next request.
2026-07-16 00:17:12,380 INFO Visiting asset 70917: https://www.spriters-resource.com/mobile/finalfantasyrecordkeeper/asset/70917/
2026-07-16 00:17:14,183 INFO Trying download control: download attribute
2026-07-16 00:17:18,579 DEBUG Waited 4.25 seconds before next request.
2026-07-16 00:17:18,579 INFO Visiting asset 103327: https://www.spriters-resource.com/mobile/finalfantasyrecordkeeper/asset/103327/
2026-07-16 00:17:20,319 INFO Trying download control: download attribute
2026-07-16 00:17:24,925 DEBUG Waited 4.46 seconds before next request.
2026-07-16 00:17:24,926 INFO Visiting asset 208231: https://www.spriters-resource.com/mobile/finalfantasyrecordkeeper/asset/208231/
2026-07-16 00:17:26,630 INFO Trying download control: download attribute
2026-07-16 00:17:31,895 DEBUG Waited 5.13 seconds before next request.
2026-07-16 00:17:31,895 INFO Visiting asset 111722: https://www.spriters-resource.com/mobile/finalfantasyrecordkeeper/asset/111722/
2026-07-16 00:17:33,635 INFO Trying download control: download attribute
2026-07-16 00:17:39,047 DEBUG Waited 5.26 seconds before next request.
2026-07-16 00:17:39,047 INFO Visiting asset 218739: https://www.spriters-resource.com/mobile/finalfantasyrecordkeeper/asset/218739/
2026-07-16 00:17:44,801 INFO Trying download control: download attribute
2026-07-16 00:17:49,875 DEBUG Waited 4.91 seconds before next request.
2026-07-16 00:17:49,875 INFO Visiting asset 208233: https://www.spriters-resource.com/mobile/finalfantasyrecordkeeper/asset/208233/
2026-07-16 00:17:52,500 INFO Trying download control: download attribute
2026-07-16 00:17:57,543 DEBUG Waited 4.76 seconds before next request.
2026-07-16 00:17:57,543 INFO Visiting asset 240467: https://www.spriters-resource.com/mobile/finalfantasyrecordkeeper/asset/240467/
2026-07-16 00:17:59,856 INFO Trying download control: download attribute
2026-07-16 00:18:04,428 DEBUG Waited 4.26 seconds before next request.
2026-07-16 00:18:04,428 INFO Visiting asset 105696: https://www.spriters-resource.com/mobile/finalfantasyrecordkeeper/asset/105696/
2026-07-16 00:18:19,938 DEBUG Network idle timed out for https://www.spriters-resource.com/mobile/finalfantasyrecordkeeper/asset/105696/; continuing with DOM content.
2026-07-16 00:18:20,108 INFO Trying download control: download attribute
2026-07-16 00:18:27,425 DEBUG Waited 6.95 seconds before next request.
2026-07-16 00:18:27,425 INFO Visiting asset 208227: https://www.spriters-resource.com/mobile/finalfantasyrecordkeeper/asset/208227/
2026-07-16 00:18:29,619 INFO Trying download control: download attribute
2026-07-16 00:18:35,585 DEBUG Waited 5.67 seconds before next request.
2026-07-16 00:18:35,586 INFO Visiting asset 547034: https://www.spriters-resource.com/mobile/finalfantasyrecordkeeper/asset/547034/
2026-07-16 00:18:37,308 INFO Trying download control: download attribute
2026-07-16 00:18:43,412 DEBUG Waited 5.93 seconds before next request.
2026-07-16 00:18:43,412 INFO Visiting asset 65356: https://www.spriters-resource.com/mobile/finalfantasyrecordkeeper/asset/65356/
2026-07-16 00:18:45,353 INFO Trying download control: download attribute
2026-07-16 00:18:52,485 DEBUG Waited 6.85 seconds before next request.
2026-07-16 00:18:52,485 INFO Visiting asset 105650: https://www.spriters-resource.com/mobile/finalfantasyrecordkeeper/asset/105650/
2026-07-16 00:18:54,232 INFO Trying download control: download attribute
2026-07-16 00:18:59,834 DEBUG Waited 5.45 seconds before next request.
2026-07-16 00:18:59,834 INFO Visiting asset 78350: https://www.spriters-resource.com/mobile/finalfantasyrecordkeeper/asset/78350/
2026-07-16 00:19:01,611 INFO Trying download control: download attribute
2026-07-16 00:19:06,881 DEBUG Waited 5.11 seconds before next request.
2026-07-16 00:19:06,881 INFO Visiting asset 65357: https://www.spriters-resource.com/mobile/finalfantasyrecordkeeper/asset/65357/
2026-07-16 00:19:08,681 INFO Trying download control: download attribute
2026-07-16 00:19:14,961 DEBUG Waited 6.13 seconds before next request.
2026-07-16 00:19:14,961 INFO Visiting asset 105671: https://www.spriters-resource.com/mobile/finalfantasyrecordkeeper/asset/105671/
2026-07-16 00:19:16,699 INFO Trying download control: download attribute
2026-07-16 00:19:23,481 DEBUG Waited 6.64 seconds before next request.
2026-07-16 00:19:23,481 INFO Visiting asset 208278: https://www.spriters-resource.com/mobile/finalfantasyrecordkeeper/asset/208278/
2026-07-16 00:19:28,419 INFO Trying download control: download attribute
2026-07-16 00:19:32,676 DEBUG Waited 4.11 seconds before next request.
2026-07-16 00:19:32,676 INFO Visiting asset 208279: https://www.spriters-resource.com/mobile/finalfantasyrecordkeeper/asset/208279/
2026-07-16 00:19:34,413 INFO Trying download control: download attribute
2026-07-16 00:19:40,688 DEBUG Waited 6.12 seconds before next request.
2026-07-16 00:19:40,688 INFO Visiting asset 78352: https://www.spriters-resource.com/mobile/finalfantasyrecordkeeper/asset/78352/
2026-07-16 00:19:42,931 INFO Trying download control: download attribute
2026-07-16 00:19:48,359 DEBUG Waited 5.19 seconds before next request.
2026-07-16 00:19:48,359 INFO Visiting asset 78353: https://www.spriters-resource.com/mobile/finalfantasyrecordkeeper/asset/78353/
2026-07-16 00:19:50,614 INFO Trying download control: download attribute
2026-07-16 00:19:57,891 DEBUG Waited 7.06 seconds before next request.
2026-07-16 00:19:57,891 INFO Visiting asset 78347: https://www.spriters-resource.com/mobile/finalfantasyrecordkeeper/asset/78347/
2026-07-16 00:20:00,246 INFO Trying download control: download attribute
2026-07-16 00:20:06,278 DEBUG Waited 5.75 seconds before next request.
2026-07-16 00:20:06,278 INFO Visiting asset 78351: https://www.spriters-resource.com/mobile/finalfantasyrecordkeeper/asset/78351/
2026-07-16 00:20:21,746 DEBUG Network idle timed out for https://www.spriters-resource.com/mobile/finalfantasyrecordkeeper/asset/78351/; continuing with DOM content.
2026-07-16 00:20:21,848 INFO Trying download control: download attribute
2026-07-16 00:20:29,189 DEBUG Waited 7.13 seconds before next request.
2026-07-16 00:20:29,189 INFO Visiting asset 105670: https://www.spriters-resource.com/mobile/finalfantasyrecordkeeper/asset/105670/
2026-07-16 00:20:31,105 INFO Trying download control: download attribute
2026-07-16 00:20:35,504 DEBUG Waited 4.22 seconds before next request.
2026-07-16 00:20:35,504 INFO Visiting asset 65369: https://www.spriters-resource.com/mobile/finalfantasyrecordkeeper/asset/65369/
2026-07-16 00:20:37,214 INFO Trying download control: download attribute
2026-07-16 00:20:45,371 DEBUG Waited 8.00 seconds before next request.
2026-07-16 00:20:45,371 INFO Visiting asset 78342: https://www.spriters-resource.com/mobile/finalfantasyrecordkeeper/asset/78342/
2026-07-16 00:20:47,081 INFO Trying download control: download attribute
2026-07-16 00:20:51,584 DEBUG Waited 4.36 seconds before next request.
2026-07-16 00:20:51,584 INFO Visiting asset 78346: https://www.spriters-resource.com/mobile/finalfantasyrecordkeeper/asset/78346/
2026-07-16 00:20:53,360 INFO Trying download control: download attribute
2026-07-16 00:20:57,726 DEBUG Waited 4.22 seconds before next request.
2026-07-16 00:20:57,726 INFO Visiting asset 78354: https://www.spriters-resource.com/mobile/finalfantasyrecordkeeper/asset/78354/
2026-07-16 00:20:59,590 INFO Trying download control: download attribute
2026-07-16 00:21:06,061 DEBUG Waited 6.31 seconds before next request.
2026-07-16 00:21:06,061 INFO Visiting asset 65365: https://www.spriters-resource.com/mobile/finalfantasyrecordkeeper/asset/65365/
2026-07-16 00:21:10,752 INFO Trying download control: download attribute
2026-07-16 00:21:18,027 DEBUG Waited 7.12 seconds before next request.
2026-07-16 00:21:18,027 INFO Visiting asset 65375: https://www.spriters-resource.com/mobile/finalfantasyrecordkeeper/asset/65375/
2026-07-16 00:21:22,780 INFO Trying download control: download attribute
2026-07-16 00:21:28,513 DEBUG Waited 5.60 seconds before next request.
2026-07-16 00:21:28,513 INFO Visiting asset 208280: https://www.spriters-resource.com/mobile/finalfantasyrecordkeeper/asset/208280/
2026-07-16 00:21:30,263 INFO Trying download control: download attribute
2026-07-16 00:21:37,467 DEBUG Waited 7.06 seconds before next request.
2026-07-16 00:21:37,467 INFO Visiting asset 78343: https://www.spriters-resource.com/mobile/finalfantasyrecordkeeper/asset/78343/
2026-07-16 00:21:39,354 INFO Trying download control: download attribute
2026-07-16 00:21:43,670 DEBUG Waited 4.15 seconds before next request.
2026-07-16 00:21:43,670 INFO Visiting asset 78345: https://www.spriters-resource.com/mobile/finalfantasyrecordkeeper/asset/78345/
2026-07-16 00:21:45,918 INFO Trying download control: download attribute
2026-07-16 00:21:51,158 DEBUG Waited 4.92 seconds before next request.
2026-07-16 00:21:51,158 INFO Visiting asset 65386: https://www.spriters-resource.com/mobile/finalfantasyrecordkeeper/asset/65386/
2026-07-16 00:21:53,443 INFO Trying download control: download attribute
2026-07-16 00:22:01,549 DEBUG Waited 7.83 seconds before next request.
2026-07-16 00:22:01,549 INFO Visiting asset 78341: https://www.spriters-resource.com/mobile/finalfantasyrecordkeeper/asset/78341/
2026-07-16 00:22:04,008 INFO Trying download control: download attribute
2026-07-16 00:22:09,447 DEBUG Waited 5.15 seconds before next request.
2026-07-16 00:22:09,447 INFO Visiting asset 220797: https://www.spriters-resource.com/mobile/finalfantasyrecordkeeper/asset/220797/
2026-07-16 00:22:11,596 INFO Trying download control: download attribute
2026-07-16 00:22:18,508 DEBUG Waited 6.66 seconds before next request.
2026-07-16 00:22:18,509 INFO Visiting asset 78348: https://www.spriters-resource.com/mobile/finalfantasyrecordkeeper/asset/78348/
2026-07-16 00:22:21,023 INFO Trying download control: download attribute
2026-07-16 00:22:25,661 DEBUG Waited 4.35 seconds before next request.
2026-07-16 00:22:25,661 INFO Visiting asset 105669: https://www.spriters-resource.com/mobile/finalfantasyrecordkeeper/asset/105669/
2026-07-16 00:22:28,077 INFO Trying download control: download attribute
2026-07-16 00:22:35,595 DEBUG Waited 7.25 seconds before next request.
2026-07-16 00:22:35,595 INFO Visiting asset 78344: https://www.spriters-resource.com/mobile/finalfantasyrecordkeeper/asset/78344/
2026-07-16 00:22:37,797 INFO Trying download control: download attribute
2026-07-16 00:22:45,896 DEBUG Waited 7.89 seconds before next request.
2026-07-16 00:22:45,896 INFO Visiting asset 65394: https://www.spriters-resource.com/mobile/finalfantasyrecordkeeper/asset/65394/
2026-07-16 00:22:51,418 INFO Trying download control: download attribute
2026-07-16 00:22:56,364 DEBUG Waited 4.71 seconds before next request.
2026-07-16 00:22:56,364 INFO Visiting asset 76136: https://www.spriters-resource.com/mobile/finalfantasyrecordkeeper/asset/76136/
2026-07-16 00:23:01,704 INFO Trying download control: download attribute
2026-07-16 00:23:06,405 DEBUG Waited 4.45 seconds before next request.
2026-07-16 00:23:06,405 INFO Visiting asset 141017: https://www.spriters-resource.com/mobile/finalfantasyrecordkeeper/asset/141017/
2026-07-16 00:23:08,620 INFO Trying download control: download attribute
2026-07-16 00:23:13,667 DEBUG Waited 4.81 seconds before next request.
2026-07-16 00:23:13,667 INFO Visiting asset 82677: https://www.spriters-resource.com/mobile/finalfantasyrecordkeeper/asset/82677/
2026-07-16 00:23:18,448 INFO Trying download control: download attribute
2026-07-16 00:23:24,041 DEBUG Waited 5.42 seconds before next request.
2026-07-16 00:23:24,041 INFO Visiting asset 512273: https://www.spriters-resource.com/mobile/finalfantasyrecordkeeper/asset/512273/
2026-07-16 00:23:26,007 INFO Trying download control: download attribute
2026-07-16 00:23:30,332 DEBUG Waited 4.08 seconds before next request.
2026-07-16 00:23:30,332 INFO Visiting asset 82674: https://www.spriters-resource.com/mobile/finalfantasyrecordkeeper/asset/82674/
2026-07-16 00:23:32,081 INFO Trying download control: download attribute
2026-07-16 00:23:37,923 DEBUG Waited 5.69 seconds before next request.
2026-07-16 00:23:37,923 INFO Visiting asset 76132: https://www.spriters-resource.com/mobile/finalfantasyrecordkeeper/asset/76132/
2026-07-16 00:23:42,697 INFO Trying download control: download attribute
2026-07-16 00:23:49,108 DEBUG Waited 6.27 seconds before next request.
2026-07-16 00:23:49,108 INFO Visiting asset 95454: https://www.spriters-resource.com/mobile/finalfantasyrecordkeeper/asset/95454/
2026-07-16 00:23:50,888 INFO Trying download control: download attribute
2026-07-16 00:23:55,632 DEBUG Waited 4.57 seconds before next request.
2026-07-16 00:23:55,632 INFO Visiting asset 65393: https://www.spriters-resource.com/mobile/finalfantasyrecordkeeper/asset/65393/
2026-07-16 00:23:57,880 INFO Trying download control: download attribute
2026-07-16 00:24:03,649 DEBUG Waited 5.56 seconds before next request.
2026-07-16 00:24:03,649 INFO Visiting asset 203447: https://www.spriters-resource.com/mobile/finalfantasyrecordkeeper/asset/203447/
2026-07-16 00:24:05,824 INFO Trying download control: download attribute
2026-07-16 00:24:10,742 DEBUG Waited 4.70 seconds before next request.
2026-07-16 00:24:10,742 INFO Visiting asset 101167: https://www.spriters-resource.com/mobile/finalfantasyrecordkeeper/asset/101167/
2026-07-16 00:24:26,187 DEBUG Network idle timed out for https://www.spriters-resource.com/mobile/finalfantasyrecordkeeper/asset/101167/; continuing with DOM content.
2026-07-16 00:24:26,309 INFO Trying download control: download attribute
2026-07-16 00:24:31,277 DEBUG Waited 4.68 seconds before next request.
2026-07-16 00:24:31,277 INFO Visiting asset 244881: https://www.spriters-resource.com/mobile/finalfantasyrecordkeeper/asset/244881/
2026-07-16 00:24:33,620 INFO Trying download control: download attribute
2026-07-16 00:24:38,590 DEBUG Waited 4.74 seconds before next request.
2026-07-16 00:24:38,591 INFO Visiting asset 84496: https://www.spriters-resource.com/mobile/finalfantasyrecordkeeper/asset/84496/
2026-07-16 00:24:44,026 INFO Trying download control: download attribute
2026-07-16 00:24:48,742 DEBUG Waited 4.48 seconds before next request.
2026-07-16 00:24:48,742 INFO Visiting asset 168145: https://www.spriters-resource.com/mobile/finalfantasyrecordkeeper/asset/168145/
2026-07-16 00:24:51,147 INFO Trying download control: download attribute
2026-07-16 00:24:57,820 DEBUG Waited 6.39 seconds before next request.
2026-07-16 00:24:57,820 INFO Visiting asset 274336: https://www.spriters-resource.com/mobile/finalfantasyrecordkeeper/asset/274336/
2026-07-16 00:24:59,998 INFO Trying download control: download attribute
2026-07-16 00:25:05,625 DEBUG Waited 5.39 seconds before next request.
2026-07-16 00:25:05,625 INFO Visiting asset 68731: https://www.spriters-resource.com/mobile/finalfantasyrecordkeeper/asset/68731/
2026-07-16 00:25:07,665 INFO Trying download control: download attribute
2026-07-16 00:25:13,900 DEBUG Waited 6.06 seconds before next request.
2026-07-16 00:25:13,900 INFO Visiting asset 273679: https://www.spriters-resource.com/mobile/finalfantasyrecordkeeper/asset/273679/
2026-07-16 00:25:15,769 INFO Trying download control: download attribute
2026-07-16 00:25:23,032 DEBUG Waited 7.09 seconds before next request.
2026-07-16 00:25:23,032 INFO Visiting asset 141014: https://www.spriters-resource.com/mobile/finalfantasyrecordkeeper/asset/141014/
2026-07-16 00:25:24,829 INFO Trying download control: download attribute
2026-07-16 00:25:32,689 DEBUG Waited 7.66 seconds before next request.
2026-07-16 00:25:32,689 INFO Visiting asset 65364: https://www.spriters-resource.com/mobile/finalfantasyrecordkeeper/asset/65364/
2026-07-16 00:25:34,495 INFO Trying download control: download attribute
2026-07-16 00:25:42,176 DEBUG Waited 7.50 seconds before next request.
2026-07-16 00:25:42,176 INFO Visiting asset 79037: https://www.spriters-resource.com/mobile/finalfantasyrecordkeeper/asset/79037/
2026-07-16 00:25:44,068 INFO Trying download control: download attribute
2026-07-16 00:25:48,685 DEBUG Waited 4.41 seconds before next request.
2026-07-16 00:25:48,685 INFO Visiting asset 105734: https://www.spriters-resource.com/mobile/finalfantasyrecordkeeper/asset/105734/
2026-07-16 00:25:53,636 INFO Trying download control: download attribute
2026-07-16 00:26:00,888 DEBUG Waited 7.07 seconds before next request.
2026-07-16 00:26:00,888 INFO Visiting asset 65367: https://www.spriters-resource.com/mobile/finalfantasyrecordkeeper/asset/65367/
2026-07-16 00:26:02,843 INFO Trying download control: download attribute
2026-07-16 00:26:09,383 DEBUG Waited 6.39 seconds before next request.
2026-07-16 00:26:09,383 INFO Visiting asset 71119: https://www.spriters-resource.com/mobile/finalfantasyrecordkeeper/asset/71119/
2026-07-16 00:26:11,215 INFO Trying download control: download attribute
2026-07-16 00:26:18,640 DEBUG Waited 7.25 seconds before next request.
2026-07-16 00:26:18,640 INFO Visiting asset 68732: https://www.spriters-resource.com/mobile/finalfantasyrecordkeeper/asset/68732/
2026-07-16 00:26:20,668 INFO Trying download control: download attribute
2026-07-16 00:26:26,678 DEBUG Waited 5.86 seconds before next request.
2026-07-16 00:26:26,678 INFO Visiting asset 168144: https://www.spriters-resource.com/mobile/finalfantasyrecordkeeper/asset/168144/
2026-07-16 00:26:28,638 INFO Trying download control: download attribute
2026-07-16 00:26:34,736 DEBUG Waited 5.92 seconds before next request.
2026-07-16 00:26:34,736 INFO Visiting asset 68733: https://www.spriters-resource.com/mobile/finalfantasyrecordkeeper/asset/68733/
2026-07-16 00:26:36,607 INFO Trying download control: download attribute
2026-07-16 00:26:44,598 DEBUG Waited 7.81 seconds before next request.
2026-07-16 00:26:44,598 INFO Visiting asset 206331: https://www.spriters-resource.com/mobile/finalfantasyrecordkeeper/asset/206331/
2026-07-16 00:26:46,556 INFO Trying download control: download attribute
2026-07-16 00:26:51,628 DEBUG Waited 4.83 seconds before next request.
2026-07-16 00:26:51,628 INFO Visiting asset 573485: https://www.spriters-resource.com/mobile/finalfantasyrecordkeeper/asset/573485/
2026-07-16 00:26:53,660 INFO Trying download control: download attribute
2026-07-16 00:27:00,830 DEBUG Waited 6.98 seconds before next request.
2026-07-16 00:27:00,831 INFO Visiting asset 71120: https://www.spriters-resource.com/mobile/finalfantasyrecordkeeper/asset/71120/
2026-07-16 00:27:05,954 INFO Trying download control: download attribute
2026-07-16 00:27:10,888 DEBUG Waited 4.72 seconds before next request.
2026-07-16 00:27:10,888 INFO Visiting asset 65378: https://www.spriters-resource.com/mobile/finalfantasyrecordkeeper/asset/65378/
2026-07-16 00:27:13,079 INFO Trying download control: download attribute
2026-07-16 00:27:19,674 DEBUG Waited 6.40 seconds before next request.
2026-07-16 00:27:19,674 INFO Visiting asset 91845: https://www.spriters-resource.com/mobile/finalfantasyrecordkeeper/asset/91845/
2026-07-16 00:27:21,768 INFO Trying download control: download attribute
2026-07-16 00:27:29,428 DEBUG Waited 7.41 seconds before next request.
2026-07-16 00:27:29,428 INFO Visiting asset 65352: https://www.spriters-resource.com/mobile/finalfantasyrecordkeeper/asset/65352/
2026-07-16 00:27:31,432 INFO Trying download control: download attribute
2026-07-16 00:27:37,578 DEBUG Waited 5.97 seconds before next request.
2026-07-16 00:27:37,578 INFO Visiting asset 203397: https://www.spriters-resource.com/mobile/finalfantasyrecordkeeper/asset/203397/
2026-07-16 00:27:39,345 INFO Trying download control: download attribute
2026-07-16 00:27:46,064 DEBUG Waited 6.57 seconds before next request.
2026-07-16 00:27:46,064 INFO Visiting asset 92394: https://www.spriters-resource.com/mobile/finalfantasyrecordkeeper/asset/92394/
2026-07-16 00:27:47,850 INFO Trying download control: download attribute
2026-07-16 00:27:53,346 DEBUG Waited 5.33 seconds before next request.
2026-07-16 00:27:53,346 INFO Visiting asset 84793: https://www.spriters-resource.com/mobile/finalfantasyrecordkeeper/asset/84793/
2026-07-16 00:27:55,189 INFO Trying download control: download attribute
2026-07-16 00:28:02,388 DEBUG Waited 7.01 seconds before next request.
2026-07-16 00:28:02,388 INFO Visiting asset 206332: https://www.spriters-resource.com/mobile/finalfantasyrecordkeeper/asset/206332/
2026-07-16 00:28:04,341 INFO Trying download control: download attribute
2026-07-16 00:28:08,743 DEBUG Waited 4.18 seconds before next request.
2026-07-16 00:28:08,743 INFO Visiting asset 74309: https://www.spriters-resource.com/mobile/finalfantasyrecordkeeper/asset/74309/
2026-07-16 00:28:10,628 INFO Trying download control: download attribute
2026-07-16 00:28:15,985 DEBUG Waited 5.19 seconds before next request.
2026-07-16 00:28:15,985 INFO Visiting asset 69857: https://www.spriters-resource.com/mobile/finalfantasyrecordkeeper/asset/69857/
2026-07-16 00:28:20,786 INFO Trying download control: download attribute
2026-07-16 00:28:26,159 DEBUG Waited 5.22 seconds before next request.
2026-07-16 00:28:26,159 INFO Visiting asset 203408: https://www.spriters-resource.com/mobile/finalfantasyrecordkeeper/asset/203408/
2026-07-16 00:28:32,629 INFO Trying download control: download attribute
