2026-07-19 00:30:34,909 INFO Opening game page: https://www.spriters-resource.com/game_boy_advance/finalfantasy6advance/
2026-07-19 00:30:50,221 INFO Game: Final Fantasy VI Advance
2026-07-19 00:30:50,221 INFO Platform/category: Game Boy Advance
2026-07-19 00:30:50,221 INFO Asset count reported: 105
2026-07-19 00:30:50,221 INFO Assets selected: 105
2026-07-19 00:30:50,221 INFO Sections: Characters, Enemies & Bosses, Maps, Tilesets, Miscellaneous
2026-07-19 00:30:50,221 INFO Destination: C:\Users\Game Station\Desktop\crossroads\assets\franchises\final_fantasy\raw\enemies
2026-07-19 00:30:50,221 INFO Filename pattern: sprite_<asset>
2026-07-19 00:30:50,221 INFO Dry run only; no assets downloaded.
2026-07-19 00:31:46,188 INFO Opening game page: https://www.spriters-resource.com/game_boy_advance/finalfantasy6advance/
2026-07-19 00:31:52,433 INFO Game: Final Fantasy VI Advance
2026-07-19 00:31:52,433 INFO Platform/category: Game Boy Advance
2026-07-19 00:31:52,434 INFO Asset count reported: 105
2026-07-19 00:31:52,434 INFO Assets selected: 2
2026-07-19 00:31:52,434 INFO Sections: Characters, Enemies & Bosses, Maps, Tilesets, Miscellaneous
2026-07-19 00:31:52,434 INFO Destination: C:\Users\Game Station\Desktop\crossroads\assets\franchises\final_fantasy\raw\enemies
2026-07-19 00:31:52,435 INFO Filename pattern: sprite_<asset>
2026-07-19 00:31:52,435 INFO Visiting asset 6806: https://www.spriters-resource.com/game_boy_advance/finalfantasy6advance/asset/6806/
2026-07-19 00:31:54,949 INFO Trying download control: download attribute
2026-07-19 00:31:57,394 DEBUG Waited 2.00 seconds before next request.
2026-07-19 00:31:57,395 INFO Visiting asset 50459: https://www.spriters-resource.com/game_boy_advance/finalfantasy6advance/asset/50459/
2026-07-19 00:31:59,514 INFO Trying download control: download attribute
